-------------------------------------------------------------------
Timestamp: 2019-1-19
Number of guessed Characters (last time): 0 (0%)
Number of tries: 91
-------------------------------------------------------------------
Timestamp: 2019-1-19
Number of guessed Characters (last time): 0 (0%)
Number of tries: 252
-------------------------------------------------------------------
Timestamp: 2019-1-19
Number of guessed Characters (last time): 0 (0%)
Number of tries: 5
-------------------------------------------------------------------
Timestamp: 2019-1-19
Number of guessed Characters (last time): 0 (0%)
Number of tries: 0
-------------------------------------------------------------------
Timestamp: 2019-1-19
Number of guessed Characters (last time): 0 (0%)
Number of tries: 0
-------------------------------------------------------------------
Timestamp: 2019-1-19
Number of guessed Characters (last time): 6 (100%)
Number of tries: 1395
-------------------------------------------------------------------
Timestamp: 2019-1-19
Number of guessed Characters (last time): 0 (0%)
Number of tries: 10211
-------------------------------------------------------------------
Timestamp: 2019-1-19
Number of guessed Characters (last time): 0 (0%)
Number of tries: 5
-------------------------------------------------------------------
Timestamp: 2019-1-19
Number of guessed Characters (last time): 0 (0%)
Number of tries: 0
-------------------------------------------------------------------
Timestamp: 2019-1-19
Number of guessed Characters (last time): 0 (0%)
Number of tries: 5
-------------------------------------------------------------------
Timestamp: 2019-1-19
Number of guessed Characters (last time): 0 (0%)
Number of tries: 0
-------------------------------------------------------------------
Timestamp: 2019-1-19
Number of guessed Characters (last time): 0 (0%)
Number of tries: 0
-------------------------------------------------------------------
Timestamp: 2019-1-19
Number of guessed Characters (last time): 0 (0%)
Number of tries: 5
-------------------------------------------------------------------
Timestamp: 2019-1-19
Number of guessed Characters (last time): 0 (0%)
Number of tries: 0
-------------------------------------------------------------------
Timestamp: 2019-1-19
Number of guessed Characters (last time): 0 (0%)
Number of tries: 0
-------------------------------------------------------------------
Timestamp: 2019-1-19
Number of guessed Characters (last time): 4 (100%)
Number of tries: 359
-------------------------------------------------------------------
Timestamp: 2019-1-19
Number of guessed Characters (last time): 4 (100%)
Number of tries: 344
-------------------------------------------------------------------
Timestamp: 2019-1-19
Number of guessed Characters (last time): 6 (100%)
Number of tries: 772
-------------------------------------------------------------------
Timestamp: 2019-1-19
Number of guessed Characters (last time): 7 (100%)
Number of tries: 405
-------------------------------------------------------------------
Timestamp: 2019-1-20
Number of guessed Characters (last time): 0 (0%)
Number of tries: 690
-------------------------------------------------------------------
Timestamp: 2019-1-20
Number of guessed Characters (last time): 0 (0%)
Number of tries: 452
-------------------------------------------------------------------
Timestamp: 2019-1-20
Number of guessed Characters (last time): 0 (0%)
Number of tries: 0
-------------------------------------------------------------------
Timestamp: 2019-1-20
Number of guessed Characters (last time): 0 (0%)
Number of tries: 0
-------------------------------------------------------------------
Timestamp: 2019-1-20
Number of guessed Characters (last time): 0 (0%)
Number of tries: 0
-------------------------------------------------------------------
Timestamp: 2019-1-20
Number of guessed Characters (last time): 0 (0%)
Number of tries: 0
-------------------------------------------------------------------
Timestamp: 2019-1-20
Number of guessed Characters (last time): 0 (0%)
Number of tries: 7
-------------------------------------------------------------------
Timestamp: 2019-1-20
Number of guessed Characters (last time): 0 (0%)
Number of tries: 2
-------------------------------------------------------------------
Timestamp: 2019-1-20
Number of guessed Characters (last time): 0 (0%)
Number of tries: 0
-------------------------------------------------------------------
Timestamp: 2019-1-20
Number of guessed Characters (last time): 0 (0%)
Number of tries: 6
-------------------------------------------------------------------
Timestamp: 2019-1-20
Number of guessed Characters (last time): 1 (20%)
Number of tries: 110
-------------------------------------------------------------------
Timestamp: 2019-1-20
Number of guessed Characters (last time): 1 (20%)
Number of tries: 68
-------------------------------------------------------------------
Timestamp: 2019-1-20
Number of guessed Characters (last time): 0 (0%)
Number of tries: 80
-------------------------------------------------------------------
Timestamp: 2019-1-20
Number of guessed Characters (last time): 0 (0%)
Number of tries: 80
-------------------------------------------------------------------
Timestamp: 2019-1-20
Number of guessed Characters (last time): 0 (0%)
Number of tries: 7
-------------------------------------------------------------------
Timestamp: 2019-1-20
Number of guessed Characters (last time): 5 (100%)
Number of tries: 317
-------------------------------------------------------------------
Timestamp: 2019-1-20
Number of guessed Characters (last time): 8 (100%)
Number of tries: 511
-------------------------------------------------------------------
Timestamp: 2019-1-20
Number of guessed Characters (last time): 1 (6.25%)
Number of tries: 159
-------------------------------------------------------------------
Timestamp: 2019-1-20
Number of guessed Characters (last time): 3 (18.75%)
Number of tries: 274
-------------------------------------------------------------------
Timestamp: 2019-1-20
Number of guessed Characters (last time): 1 (6.25%)
Number of tries: 346
-------------------------------------------------------------------
Timestamp: 2019-1-20
Number of guessed Characters (last time): 5 (62.5%)
Number of tries: 656
-------------------------------------------------------------------
Timestamp: 2019-1-20
Number of guessed Characters (last time): 1 (12.5%)
Number of tries: 154
-------------------------------------------------------------------
Timestamp: 2019-1-20
Number of guessed Characters (last time): 8 (100%)
Number of tries: 519
-------------------------------------------------------------------
Timestamp: 2019-1-20
Number of guessed Characters (last time): 0 (0%)
Number of tries: 0
-------------------------------------------------------------------
Timestamp: 2019-1-20
Number of guessed Characters (last time): 4 (50%)
Number of tries: 151
-------------------------------------------------------------------
Timestamp: 2019-1-20
Number of guessed Characters (last time): 4 (50%)
Number of tries: 152
-------------------------------------------------------------------
Timestamp: 2019-1-20
Number of guessed Characters (last time): 2 (25%)
Number of tries: 101
-------------------------------------------------------------------
Timestamp: 2019-1-20
Number of guessed Characters (last time): 2 (25%)
Number of tries: 65
-------------------------------------------------------------------
Timestamp: 2019-1-20
Number of guessed Characters (last time): 8 (100%)
Number of tries: 356
-------------------------------------------------------------------
Timestamp: 2019-1-20
Number of guessed Characters (last time): 1 (12.5%)
Number of tries: 177
-------------------------------------------------------------------
Timestamp: 2019-1-20
Number of guessed Characters (last time): 8 (100%)
Number of tries: 434
-------------------------------------------------------------------
Timestamp: 2019-1-20
Number of guessed Characters (last time): 5 (31.25%)
Number of tries: 438
-------------------------------------------------------------------
Timestamp: 2019-1-20
Number of guessed Characters (last time): 0 (0%)
Number of tries: 18
-------------------------------------------------------------------
Timestamp: 2019-1-20
Number of guessed Characters (last time): 0 (0%)
Number of tries: 26
-------------------------------------------------------------------
Timestamp: 2019-1-20
Number of guessed Characters (last time): 0 (0%)
Number of tries: 5
-------------------------------------------------------------------
Timestamp: 2019-1-20
Number of guessed Characters (last time): 0 (0%)
Number of tries: 8
-------------------------------------------------------------------
Timestamp: 2019-1-20
Number of guessed Characters (last time): 3 (18.75%)
Number of tries: 1006
-------------------------------------------------------------------
Timestamp: 2019-1-20
Number of guessed Characters (last time): 0 (0%)
Number of tries: 63
-------------------------------------------------------------------
Timestamp: 2019-1-20
Number of guessed Characters (last time): 2 (12.5%)
Number of tries: 3366
-------------------------------------------------------------------
Timestamp: 2019-1-20
Number of guessed Characters (last time): 1 (6.25%)
Number of tries: 12591
-------------------------------------------------------------------
Timestamp: 2019-1-20
Number of guessed Characters (last time): 1 (10%)
Number of tries: 248
-------------------------------------------------------------------
Timestamp: 2019-1-20
Number of guessed Characters (last time): 1 (10%)
Number of tries: 3501
-------------------------------------------------------------------
Timestamp: 2019-1-20
Number of guessed Characters (last time): 0 (0%)
Number of tries: 80
-------------------------------------------------------------------
Timestamp: 2019-1-20
Number of guessed Characters (last time): 1 (20%)
Number of tries: 2
-------------------------------------------------------------------
Timestamp: 2019-1-20
Number of guessed Characters (last time): 1 (20%)
Number of tries: 94
-------------------------------------------------------------------
Timestamp: 2019-1-20
Number of guessed Characters (last time): 0 (0%)
Number of tries: 13
-------------------------------------------------------------------
Timestamp: 2019-1-20
Number of guessed Characters (last time): 4 (80%)
Number of tries: 339
-------------------------------------------------------------------
Timestamp: 2019-1-20
Number of guessed Characters (last time): 1 (20%)
Number of tries: 29
-------------------------------------------------------------------
Timestamp: 2019-1-20
Number of guessed Characters (last time): 0 (0%)
Number of tries: 3450
-------------------------------------------------------------------
Timestamp: 2019-1-20
Number of guessed Characters (last time): 5 (100%)
Number of tries: 126
-------------------------------------------------------------------
Timestamp: 2019-1-20
Number of guessed Characters (last time): 5 (100%)
Number of tries: 169
-------------------------------------------------------------------
Timestamp: 2019-1-20
Number of guessed Characters (last time): 1 (20%)
Number of tries: 47
-------------------------------------------------------------------
Timestamp: 2019-1-20
Number of guessed Characters (last time): 5 (62.5%)
Number of tries: 1316
-------------------------------------------------------------------
Timestamp: 2019-1-20
Number of guessed Characters (last time): 8 (100%)
Number of tries: 513
-------------------------------------------------------------------
Timestamp: 2019-1-20
Number of guessed Characters (last time): 8 (100%)
Number of tries: 369
-------------------------------------------------------------------
Timestamp: 2019-1-20
Number of guessed Characters (last time): 8 (100%)
Number of tries: 316
-------------------------------------------------------------------
Timestamp: 2019-1-20
Number of guessed Characters (last time): 8 (100%)
Number of tries: 1055
-------------------------------------------------------------------
Timestamp: 2019-1-21
Number of guessed Characters (last time): 12 (100%)
Number of tries: 589
-------------------------------------------------------------------
Timestamp: 2019-1-21
Number of guessed Characters (last time): 0 (0%)
Number of tries: 0
-------------------------------------------------------------------
Timestamp: 2019-1-21
Number of guessed Characters (last time): 2 (20%)
Number of tries: 599
-------------------------------------------------------------------
Timestamp: 2019-1-21
Number of guessed Characters (last time): 6 (100%)
Number of tries: 343
-------------------------------------------------------------------
Timestamp: 2019-1-21
Number of guessed Characters (last time): 0 (0%)
Number of tries: 18
-------------------------------------------------------------------
Timestamp: 2019-1-21
Number of guessed Characters (last time): 1 (12.5%)
Number of tries: 1311
-------------------------------------------------------------------
Timestamp: 2019-1-21
Number of guessed Characters (last time): 8 (100%)
Number of tries: 940
-------------------------------------------------------------------
Timestamp: 2019-1-21
Number of guessed Characters (last time): 5 (31.25%)
Number of tries: 557
-------------------------------------------------------------------
Timestamp: 2019-1-21
Number of guessed Characters (last time): 3 (37.5%)
Number of tries: 1766
-------------------------------------------------------------------
Timestamp: 2019-1-21
Number of guessed Characters (last time): 3 (37.5%)
Number of tries: 1597
-------------------------------------------------------------------
Timestamp: 2019-1-21
Number of guessed Characters (last time): 1 (12.5%)
Number of tries: 193
-------------------------------------------------------------------
Timestamp: 2019-1-21
Number of guessed Characters (last time): 3 (37.5%)
Number of tries: 1718
-------------------------------------------------------------------
Timestamp: 2019-1-21
Number of guessed Characters (last time): 5 (62.5%)
Number of tries: 1400
-------------------------------------------------------------------
Timestamp: 2019-1-21
Number of guessed Characters (last time): 0 (0%)
Number of tries: 38
-------------------------------------------------------------------
Timestamp: 2019-1-21
Number of guessed Characters (last time): 0 (0%)
Number of tries: 17
-------------------------------------------------------------------
Timestamp: 2019-1-21
Number of guessed Characters (last time): 0 (0%)
Number of tries: 16
-------------------------------------------------------------------
Timestamp: 2019-1-21
Number of guessed Characters (last time): 8 (100%)
Number of tries: 508
-------------------------------------------------------------------
Timestamp: 2019-1-21
Number of guessed Characters (last time): 7 (43.75%)
Number of tries: 1307
-------------------------------------------------------------------
Timestamp: 2019-1-21
Number of guessed Characters (last time): 0 (0%)
Number of tries: 50
-------------------------------------------------------------------
Timestamp: 2019-1-21
Number of guessed Characters (last time): 1 (6.25%)
Number of tries: 47
-------------------------------------------------------------------
Timestamp: 2019-1-21
Number of guessed Characters (last time): 6 (37.5%)
Number of tries: 4524
-------------------------------------------------------------------
Timestamp: 2019-1-21
Number of guessed Characters (last time): 16 (100%)
Number of tries: 3155
-------------------------------------------------------------------
Timestamp: 2019-1-21
Number of guessed Characters (last time): 0 (0%)
Number of tries: 0
-------------------------------------------------------------------
Timestamp: 2019-1-21
Number of guessed Characters (last time): 7 (43.75%)
Number of tries: 352
-------------------------------------------------------------------
Timestamp: 2019-1-21
Number of guessed Characters (last time): 3 (18.75%)
Number of tries: 496
-------------------------------------------------------------------
Timestamp: 2019-1-21
Number of guessed Characters (last time): 0 (0%)
Number of tries: 37
-------------------------------------------------------------------
Timestamp: 2019-1-21
Number of guessed Characters (last time): 0 (0%)
Number of tries: 21
-------------------------------------------------------------------
Timestamp: 2019-1-21
Number of guessed Characters (last time): 4 (25%)
Number of tries: 296
-------------------------------------------------------------------
Timestamp: 2019-1-21
Number of guessed Characters (last time): 0 (0%)
Number of tries: 5
-------------------------------------------------------------------
Timestamp: 2019-1-21
Number of guessed Characters (last time): 1 (6.25%)
Number of tries: 19511
-------------------------------------------------------------------
Timestamp: 2019-1-21
Number of guessed Characters (last time): 1 (6.25%)
Number of tries: 94
-------------------------------------------------------------------
Timestamp: 2019-1-21
Number of guessed Characters (last time): 1 (6.25%)
Number of tries: 138
-------------------------------------------------------------------
Timestamp: 2019-1-21
Number of guessed Characters (last time): 0 (0%)
Number of tries: 49
-------------------------------------------------------------------
Timestamp: 2019-1-21
Number of guessed Characters (last time): 0 (0%)
Number of tries: 179
-------------------------------------------------------------------
Timestamp: 2019-1-21
Number of guessed Characters (last time): 0 (0%)
Number of tries: 9
-------------------------------------------------------------------
Timestamp: 2019-1-21
Number of guessed Characters (last time): 0 (0%)
Number of tries: 36
-------------------------------------------------------------------
Timestamp: 2019-1-21
Number of guessed Characters (last time): 1 (6.25%)
Number of tries: 35
-------------------------------------------------------------------
Timestamp: 2019-1-21
Number of guessed Characters (last time): 5 (31.25%)
Number of tries: 235
-------------------------------------------------------------------
Timestamp: 2019-1-21
Number of guessed Characters (last time): 1 (16.6667%)
Number of tries: 81
-------------------------------------------------------------------
Timestamp: 2019-1-21
Number of guessed Characters (last time): 0 (0%)
Number of tries: 22
-------------------------------------------------------------------
Timestamp: 2019-1-21
Number of guessed Characters (last time): 0 (0%)
Number of tries: 5
-------------------------------------------------------------------
Timestamp: 2019-1-21
Number of guessed Characters (last time): 2 (33.3333%)
Number of tries: 2799
-------------------------------------------------------------------
Timestamp: 2019-1-21
Number of guessed Characters (last time): 0 (0%)
Number of tries: 47
-------------------------------------------------------------------
Timestamp: 2019-1-21
Number of guessed Characters (last time): 1 (16.6667%)
Number of tries: 49
-------------------------------------------------------------------
Timestamp: 2019-1-21
Number of guessed Characters (last time): 6 (100%)
Number of tries: 320
-------------------------------------------------------------------
Timestamp: 2019-1-21
Number of guessed Characters (last time): 8 (100%)
Number of tries: 300
-------------------------------------------------------------------
Timestamp: 2019-1-21
Number of guessed Characters (last time): 0 (0%)
Number of tries: 0
-------------------------------------------------------------------
Timestamp: 2019-1-21
Number of guessed Characters (last time): 0 (0%)
Number of tries: 23
-------------------------------------------------------------------
Timestamp: 2019-1-21
Number of guessed Characters (last time): 3 (18.75%)
Number of tries: 758
-------------------------------------------------------------------
Timestamp: 2019-1-21
Number of guessed Characters (last time): 2 (12.5%)
Number of tries: 436
-------------------------------------------------------------------
Timestamp: 2019-1-21
Number of guessed Characters (last time): 0 (0%)
Number of tries: 0
-------------------------------------------------------------------
Timestamp: 2019-1-21
Number of guessed Characters (last time): 3 (37.5%)
Number of tries: 89
-------------------------------------------------------------------
Timestamp: 2019-1-21
Number of guessed Characters (last time): 7 (87.5%)
Number of tries: 286
-------------------------------------------------------------------
Timestamp: 2019-1-21
Number of guessed Characters (last time): 0 (0%)
Number of tries: 1
-------------------------------------------------------------------
Timestamp: 2019-1-21
Number of guessed Characters (last time): 6 (100%)
Number of tries: 563
-------------------------------------------------------------------
Timestamp: 2019-1-21
Number of guessed Characters (last time): 1 (12.5%)
Number of tries: 2105
-------------------------------------------------------------------
Timestamp: 2019-1-21
Number of guessed Characters (last time): 8 (100%)
Number of tries: 349
-------------------------------------------------------------------
Timestamp: 2019-1-21
Number of guessed Characters (last time): 0 (0%)
Number of tries: 0
-------------------------------------------------------------------
Timestamp: 2019-1-21
Number of guessed Characters (last time): 1 (8.33333%)
Number of tries: 386
-------------------------------------------------------------------
Timestamp: 2019-1-21
Number of guessed Characters (last time): 12 (100%)
Number of tries: 651
-------------------------------------------------------------------
Timestamp: 2019-1-21
Number of guessed Characters (last time): 1 (7.14286%)
Number of tries: 228
-------------------------------------------------------------------
Timestamp: 2019-1-21
Number of guessed Characters (last time): 1 (8.33333%)
Number of tries: 877
-------------------------------------------------------------------
Timestamp: 2019-1-21
Number of guessed Characters (last time): 0 (0%)
Number of tries: 369
-------------------------------------------------------------------
Timestamp: 2019-1-21
Number of guessed Characters (last time): 0 (0%)
Number of tries: 0
-------------------------------------------------------------------
Timestamp: 2019-1-21
Number of guessed Characters (last time): 1 (12.5%)
Number of tries: 83
-------------------------------------------------------------------
Timestamp: 2019-1-21
Number of guessed Characters (last time): 8 (100%)
Number of tries: 1179
-------------------------------------------------------------------
Timestamp: 2019-1-21
Number of guessed Characters (last time): 1 (10%)
Number of tries: 1380
-------------------------------------------------------------------
Timestamp: 2019-1-21
Number of guessed Characters (last time): 5 (50%)
Number of tries: 955
-------------------------------------------------------------------
Timestamp: 2019-1-21
Number of guessed Characters (last time): 1 (10%)
Number of tries: 597
-------------------------------------------------------------------
Timestamp: 2019-1-21
Number of guessed Characters (last time): 0 (0%)
Number of tries: 17
-------------------------------------------------------------------
Timestamp: 2019-1-21
Number of guessed Characters (last time): 10 (100%)
Number of tries: 725
-------------------------------------------------------------------
Timestamp: 2019-1-21
Number of guessed Characters (last time): 3 (25%)
Number of tries: 475
-------------------------------------------------------------------
Timestamp: 2019-1-21
Number of guessed Characters (last time): 10 (83.3333%)
Number of tries: 4427
-------------------------------------------------------------------
Timestamp: 2019-1-21
Number of guessed Characters (last time): 3 (30%)
Number of tries: 136
-------------------------------------------------------------------
Timestamp: 2019-1-21
Number of guessed Characters (last time): 0 (0%)
Number of tries: 5
-------------------------------------------------------------------
Timestamp: 2019-1-21
Number of guessed Characters (last time): 10 (100%)
Number of tries: 2385
-------------------------------------------------------------------
Timestamp: 2019-1-21
Number of guessed Characters (last time): 1 (12.5%)
Number of tries: 1089
-------------------------------------------------------------------
Timestamp: 2019-1-21
Number of guessed Characters (last time): 8 (100%)
Number of tries: 411
-------------------------------------------------------------------
Timestamp: 2019-1-21
Number of guessed Characters (last time): 4 (40%)
Number of tries: 220
-------------------------------------------------------------------
Timestamp: 2019-1-21
Number of guessed Characters (last time): 7 (70%)
Number of tries: 416
-------------------------------------------------------------------
Timestamp: 2019-1-21
Number of guessed Characters (last time): 1 (11.1111%)
Number of tries: 96
-------------------------------------------------------------------
Timestamp: 2019-1-21
Number of guessed Characters (last time): 9 (100%)
Number of tries: 395
-------------------------------------------------------------------
Timestamp: 2019-1-21
Number of guessed Characters (last time): 9 (100%)
Number of tries: 516
-------------------------------------------------------------------
Timestamp: 2019-1-21
Number of guessed Characters (last time): 10 (100%)
Number of tries: 850
-------------------------------------------------------------------
Timestamp: 2019-1-21
Number of guessed Characters (last time): 8 (100%)
Number of tries: 625
-------------------------------------------------------------------
Timestamp: 2019-1-21
Number of guessed Characters (last time): 12 (100%)
Number of tries: 1375
-------------------------------------------------------------------
Timestamp: 2019-1-21
Number of guessed Characters (last time): 0 (0%)
Number of tries: 0
-------------------------------------------------------------------
Timestamp: 2019-1-21
Number of guessed Characters (last time): 1 (7.14286%)
Number of tries: 1419
-------------------------------------------------------------------
Timestamp: 2019-1-21
Number of guessed Characters (last time): 6 (50%)
Number of tries: 2252
-------------------------------------------------------------------
Timestamp: 2019-1-21
Number of guessed Characters (last time): 12 (100%)
Number of tries: 2107
-------------------------------------------------------------------
Timestamp: 2019-1-21
Number of guessed Characters (last time): 14 (100%)
Number of tries: 658
-------------------------------------------------------------------
Timestamp: 2019-1-21
Number of guessed Characters (last time): 16 (100%)
Number of tries: 8706
-------------------------------------------------------------------
Timestamp: 2019-1-21
Number of guessed Characters (last time): 8 (100%)
Number of tries: 287
-------------------------------------------------------------------
Timestamp: 2019-1-21
Number of guessed Characters (last time): 0 (0%)
Number of tries: 6961
-------------------------------------------------------------------
Timestamp: 2019-1-21
Number of guessed Characters (last time): 10 (100%)
Number of tries: 751
-------------------------------------------------------------------
Timestamp: 2019-1-21
Number of guessed Characters (last time): 1 (8.33333%)
Number of tries: 159
-------------------------------------------------------------------
Timestamp: 2019-1-21
Number of guessed Characters (last time): 0 (0%)
Number of tries: 6025
-------------------------------------------------------------------
Timestamp: 2019-1-22
Number of guessed Characters (last time): 0 (0%)
Number of tries: 636
-------------------------------------------------------------------
Timestamp: 2019-1-22
Number of guessed Characters (last time): 2 (50%)
Number of tries: 92
-------------------------------------------------------------------
Timestamp: 2019-1-22
Number of guessed Characters (last time): 0 (0%)
Number of tries: 920
-------------------------------------------------------------------
Timestamp: 2019-1-22
Number of guessed Characters (last time): 6 (100%)
Number of tries: 349
-------------------------------------------------------------------
Timestamp: 2019-1-22
Number of guessed Characters (last time): 0 (0%)
Number of tries: 0
-------------------------------------------------------------------
Timestamp: 2019-1-22
Number of guessed Characters (last time): 0 (0%)
Number of tries: 743
-------------------------------------------------------------------
Timestamp: 2019-1-22
Number of guessed Characters (last time): 1 (25%)
Number of tries: 52
-------------------------------------------------------------------
Timestamp: 2019-1-22
Number of guessed Characters (last time): 4 (100%)
Number of tries: 184
-------------------------------------------------------------------
Timestamp: 2019-1-22
Number of guessed Characters (last time): 0 (0%)
Number of tries: 4926
-------------------------------------------------------------------
Timestamp: 2019-1-22
Number of guessed Characters (last time): 0 (0%)
Number of tries: 319
-------------------------------------------------------------------
Timestamp: 2019-1-22
Number of guessed Characters (last time): 2 (33.3333%)
Number of tries: 1193
-------------------------------------------------------------------
Timestamp: 2019-1-22
Number of guessed Characters (last time): 2 (33.3333%)
Number of tries: 97
-------------------------------------------------------------------
Timestamp: 2019-1-22
Number of guessed Characters (last time): 0 (0%)
Number of tries: 266
-------------------------------------------------------------------
Timestamp: 2019-1-22
Number of guessed Characters (last time): 0 (0%)
Number of tries: 5
-------------------------------------------------------------------
Timestamp: 2019-1-22
Number of guessed Characters (last time): 0 (0%)
Number of tries: 73
-------------------------------------------------------------------
Timestamp: 2019-1-22
Number of guessed Characters (last time): 0 (0%)
Number of tries: 209
-------------------------------------------------------------------
Timestamp: 2019-1-22
Number of guessed Characters (last time): 0 (0%)
Number of tries: 492
-------------------------------------------------------------------
Timestamp: 2019-1-22
Number of guessed Characters (last time): 1 (16.6667%)
Number of tries: 1022
-------------------------------------------------------------------
Timestamp: 2019-1-22
Number of guessed Characters (last time): 0 (0%)
Number of tries: 8
-------------------------------------------------------------------
Timestamp: 2019-1-22
Number of guessed Characters (last time): 5 (100%)
Number of tries: 177
-------------------------------------------------------------------
Timestamp: 2019-1-22
Number of guessed Characters (last time): 7 (100%)
Number of tries: 386
-------------------------------------------------------------------
Timestamp: 2019-1-22
Number of guessed Characters (last time): 0 (0%)
Number of tries: 4204
-------------------------------------------------------------------
Timestamp: 2019-1-22
Number of guessed Characters (last time): 0 (0%)
Number of tries: 5
-------------------------------------------------------------------
Timestamp: 2019-1-22
Number of guessed Characters (last time): 0 (0%)
Number of tries: 5
-------------------------------------------------------------------
Timestamp: 2019-1-22
Number of guessed Characters (last time): 4 (100%)
Number of tries: 419
-------------------------------------------------------------------
Timestamp: 2019-1-22
Number of guessed Characters (last time): 0 (0%)
Number of tries: 4419
-------------------------------------------------------------------
Timestamp: 2019-1-22
Number of guessed Characters (last time): 0 (0%)
Number of tries: 0
-------------------------------------------------------------------
Timestamp: 2019-1-22
Number of guessed Characters (last time): 0 (0%)
Number of tries: 1258
-------------------------------------------------------------------
Timestamp: 2019-1-22
Number of guessed Characters (last time): 0 (0%)
Number of tries: 5
-------------------------------------------------------------------
Timestamp: 2019-1-22
Number of guessed Characters (last time): 0 (0%)
Number of tries: 5
-------------------------------------------------------------------
Timestamp: 2019-1-22
Number of guessed Characters (last time): 0 (0%)
Number of tries: 5
-------------------------------------------------------------------
Timestamp: 2019-1-22
Number of guessed Characters (last time): 0 (0%)
Number of tries: 5
-------------------------------------------------------------------
Timestamp: 2019-1-22
Number of guessed Characters (last time): 0 (0%)
Number of tries: 5
-------------------------------------------------------------------
Timestamp: 2019-1-22
Number of guessed Characters (last time): 4 (100%)
Number of tries: 128
-------------------------------------------------------------------
Timestamp: 2019-1-22
Number of guessed Characters (last time): 4 (100%)
Number of tries: 247
-------------------------------------------------------------------
Timestamp: 2019-1-22
Number of guessed Characters (last time): 0 (0%)
Number of tries: 1
-------------------------------------------------------------------
Timestamp: 2019-1-22
Number of guessed Characters (last time): 0 (0%)
Number of tries: 1
-------------------------------------------------------------------
Timestamp: 2019-1-22
Number of guessed Characters (last time): 0 (0%)
Number of tries: 1
-------------------------------------------------------------------
Timestamp: 2019-1-22
Number of guessed Characters (last time): 0 (0%)
Number of tries: 1
-------------------------------------------------------------------
Timestamp: 2019-1-22
Number of guessed Characters (last time): 0 (0%)
Number of tries: 1
-------------------------------------------------------------------
Timestamp: 2019-1-22
Number of guessed Characters (last time): 0 (0%)
Number of tries: 5
-------------------------------------------------------------------
Timestamp: 2019-1-22
Number of guessed Characters (last time): 4 (100%)
Number of tries: 109
-------------------------------------------------------------------
Timestamp: 2019-1-22
Number of guessed Characters (last time): 0 (0%)
Number of tries: 116
-------------------------------------------------------------------
Timestamp: 2019-1-23
Number of guessed Characters (last time): 4 (100%)
Number of tries: 151
-------------------------------------------------------------------
Timestamp: 2019-1-23
Number of guessed Characters (last time): 4 (100%)
Number of tries: 217
-------------------------------------------------------------------
Timestamp: 2019-1-23
Number of guessed Characters (last time): 0 (0%)
Number of tries: 1923
-------------------------------------------------------------------
Timestamp: 2019-1-23
Number of guessed Characters (last time): 0 (0%)
Number of tries: 5
-------------------------------------------------------------------
Timestamp: 2019-1-23
Number of guessed Characters (last time): 0 (0%)
Number of tries: 5
-------------------------------------------------------------------
Timestamp: 2019-1-23
Number of guessed Characters (last time): 5 (100%)
Number of tries: 903
-------------------------------------------------------------------
Timestamp: 2019-1-23
Number of guessed Characters (last time): 6 (100%)
Number of tries: 258
-------------------------------------------------------------------
Timestamp: 2019-1-23
Number of guessed Characters (last time): 4 (100%)
Number of tries: 175
-------------------------------------------------------------------
Timestamp: 2019-1-23
Number of guessed Characters (last time): 4 (100%)
Number of tries: 219
-------------------------------------------------------------------
Timestamp: 2019-1-23
Number of guessed Characters (last time): 4 (100%)
Number of tries: 231
-------------------------------------------------------------------
Timestamp: 2019-1-23
Number of guessed Characters (last time): 4 (100%)
Number of tries: 286
-------------------------------------------------------------------
Timestamp: 2019-1-23
Number of guessed Characters (last time): 0 (0%)
Number of tries: 155
-------------------------------------------------------------------
Timestamp: 2019-1-23
Number of guessed Characters (last time): 4 (100%)
Number of tries: 143
-------------------------------------------------------------------
Timestamp: 2019-1-23
Number of guessed Characters (last time): 4 (100%)
Number of tries: 122
-------------------------------------------------------------------
Timestamp: 2019-1-23
Number of guessed Characters (last time): 0 (0%)
Number of tries: 8
-------------------------------------------------------------------
Timestamp: 2019-1-23
Number of guessed Characters (last time): 0 (0%)
Number of tries: 5
-------------------------------------------------------------------
Timestamp: 2019-1-23
Number of guessed Characters (last time): 4 (100%)
Number of tries: 111
-------------------------------------------------------------------
Timestamp: 2019-1-23
Number of guessed Characters (last time): 6 (100%)
Number of tries: 336
-------------------------------------------------------------------
Timestamp: 2019-1-23
Number of guessed Characters (last time): 0 (0%)
Number of tries: 1020
-------------------------------------------------------------------
Timestamp: 2019-1-23
Number of guessed Characters (last time): 0 (0%)
Number of tries: 0
-------------------------------------------------------------------
Timestamp: 2019-1-23
Number of guessed Characters (last time): 0 (0%)
Number of tries: 5
-------------------------------------------------------------------
Timestamp: 2019-1-23
Number of guessed Characters (last time): 0 (0%)
Number of tries: 5
-------------------------------------------------------------------
Timestamp: 2019-1-23
Number of guessed Characters (last time): 0 (0%)
Number of tries: 1
-------------------------------------------------------------------
Timestamp: 2019-1-23
Number of guessed Characters (last time): 0 (0%)
Number of tries: 10
-------------------------------------------------------------------
Timestamp: 2019-1-23
Number of guessed Characters (last time): 0 (0%)
Number of tries: 133
-------------------------------------------------------------------
Timestamp: 2019-1-23
Number of guessed Characters (last time): 0 (0%)
Number of tries: 156
-------------------------------------------------------------------
Timestamp: 2019-1-23
Number of guessed Characters (last time): 0 (0%)
Number of tries: 5
-------------------------------------------------------------------
Timestamp: 2019-1-23
Number of guessed Characters (last time): 4 (100%)
Number of tries: 302
-------------------------------------------------------------------
Timestamp: 2019-1-23
Number of guessed Characters (last time): 4 (100%)
Number of tries: 233
-------------------------------------------------------------------
Timestamp: 2019-1-23
Number of guessed Characters (last time): 5 (100%)
Number of tries: 207
-------------------------------------------------------------------
Timestamp: 2019-1-23
Number of guessed Characters (last time): 6 (100%)
Number of tries: 203
-------------------------------------------------------------------
Timestamp: 2019-1-23
Number of guessed Characters (last time): 4 (40%)
Number of tries: 117
-------------------------------------------------------------------
Timestamp: 2019-1-23
Number of guessed Characters (last time): 0 (0%)
Number of tries: 5
-------------------------------------------------------------------
Timestamp: 2019-1-23
Number of guessed Characters (last time): 0 (0%)
Number of tries: 5
-------------------------------------------------------------------
Timestamp: 2019-1-23
Number of guessed Characters (last time): 10 (100%)
Number of tries: 450
-------------------------------------------------------------------
Timestamp: 2019-1-23
Number of guessed Characters (last time): 0 (0%)
Number of tries: 5
-------------------------------------------------------------------
Timestamp: 2019-1-23
Number of guessed Characters (last time): 0 (0%)
Number of tries: 5
-------------------------------------------------------------------
Timestamp: 2019-1-23
Number of guessed Characters (last time): 12 (100%)
Number of tries: 932
-------------------------------------------------------------------
Timestamp: 2019-1-23
Number of guessed Characters (last time): 16 (100%)
Number of tries: 829
-------------------------------------------------------------------
Timestamp: 2019-1-23
Number of guessed Characters (last time): 8 (100%)
Number of tries: 500
-------------------------------------------------------------------
Timestamp: 2019-1-23
Number of guessed Characters (last time): 0 (0%)
Number of tries: 8
-------------------------------------------------------------------
Timestamp: 2019-1-23
Number of guessed Characters (last time): 0 (0%)
Number of tries: 5
-------------------------------------------------------------------
Timestamp: 2019-1-23
Number of guessed Characters (last time): 10 (100%)
Number of tries: 389
-------------------------------------------------------------------
Timestamp: 2019-1-23
Number of guessed Characters (last time): 16 (100%)
Number of tries: 1141
-------------------------------------------------------------------
Timestamp: 2019-1-23
Number of guessed Characters (last time): 0 (0%)
Number of tries: 0
-------------------------------------------------------------------
Timestamp: 2019-1-23
Number of guessed Characters (last time): 16 (100%)
Number of tries: 1050
-------------------------------------------------------------------
Timestamp: 2019-1-23
Number of guessed Characters (last time): 8 (100%)
Number of tries: 482
-------------------------------------------------------------------
Timestamp: 2019-1-23
Number of guessed Characters (last time): 0 (0%)
Number of tries: 17
-------------------------------------------------------------------
Timestamp: 2019-1-23
Number of guessed Characters (last time): 16 (100%)
Number of tries: 1037
-------------------------------------------------------------------
Timestamp: 2019-1-23
Number of guessed Characters (last time): 0 (0%)
Number of tries: 7
-------------------------------------------------------------------
Timestamp: 2019-1-23
Number of guessed Characters (last time): 0 (0%)
Number of tries: 0
-------------------------------------------------------------------
Timestamp: 2019-1-23
Number of guessed Characters (last time): 0 (0%)
Number of tries: 0
-------------------------------------------------------------------
Timestamp: 2019-1-23
Number of guessed Characters (last time): 0 (0%)
Number of tries: 5
-------------------------------------------------------------------
Timestamp: 2019-1-23
Number of guessed Characters (last time): 0 (0%)
Number of tries: 5
-------------------------------------------------------------------
Timestamp: 2019-1-23
Number of guessed Characters (last time): 0 (0%)
Number of tries: 5
-------------------------------------------------------------------
Timestamp: 2019-1-23
Number of guessed Characters (last time): 0 (0%)
Number of tries: 0
-------------------------------------------------------------------
Timestamp: 2019-1-23
Number of guessed Characters (last time): 0 (0%)
Number of tries: 5
-------------------------------------------------------------------
Timestamp: 2019-1-23
Number of guessed Characters (last time): 0 (0%)
Number of tries: 5
-------------------------------------------------------------------
Timestamp: 2019-1-23
Number of guessed Characters (last time): 0 (0%)
Number of tries: 4
-------------------------------------------------------------------
Timestamp: 2019-1-23
Number of guessed Characters (last time): 0 (0%)
Number of tries: 4
-------------------------------------------------------------------
Timestamp: 2019-1-23
Number of guessed Characters (last time): 0 (0%)
Number of tries: 0
-------------------------------------------------------------------
Timestamp: 2019-1-23
Number of guessed Characters (last time): 0 (0%)
Number of tries: 0
-------------------------------------------------------------------
Timestamp: 2019-1-23
Number of guessed Characters (last time): 0 (0%)
Number of tries: 4
-------------------------------------------------------------------
Timestamp: 2019-1-23
Number of guessed Characters (last time): 0 (0%)
Number of tries: 5
-------------------------------------------------------------------
Timestamp: 2019-1-23
Number of guessed Characters (last time): 0 (0%)
Number of tries: 5
-------------------------------------------------------------------
Timestamp: 2019-1-23
Number of guessed Characters (last time): 4 (100%)
Number of tries: 109
-------------------------------------------------------------------
Timestamp: 2019-1-23
Number of guessed Characters (last time): 4 (100%)
Number of tries: 226
-------------------------------------------------------------------
Timestamp: 2019-1-23
Number of guessed Characters (last time): 0 (0%)
Number of tries: 5
-------------------------------------------------------------------
Timestamp: 2019-1-23
Number of guessed Characters (last time): 4 (100%)
Number of tries: 201
-------------------------------------------------------------------
Timestamp: 2019-1-23
Number of guessed Characters (last time): 14 (100%)
Number of tries: 933
-------------------------------------------------------------------
Timestamp: 2019-1-23
Number of guessed Characters (last time): 16 (100%)
Number of tries: 1049
-------------------------------------------------------------------
Timestamp: 2019-1-23
Number of guessed Characters (last time): 16 (100%)
Number of tries: 811
-------------------------------------------------------------------
Timestamp: 2019-1-23
Number of guessed Characters (last time): 11 (100%)
Number of tries: 2084
-------------------------------------------------------------------
Timestamp: 2019-1-23
Number of guessed Characters (last time): 0 (0%)
Number of tries: 0
-------------------------------------------------------------------
Timestamp: 2019-1-23
Number of guessed Characters (last time): 4 (100%)
Number of tries: 179
-------------------------------------------------------------------
Timestamp: 2019-1-23
Number of guessed Characters (last time): 0 (0%)
Number of tries: 229
-------------------------------------------------------------------
Timestamp: 2019-1-23
Number of guessed Characters (last time): 0 (0%)
Number of tries: 8
-------------------------------------------------------------------
Timestamp: 2019-1-23
Number of guessed Characters (last time): 3 (100%)
Number of tries: 130
-------------------------------------------------------------------
Timestamp: 2019-1-23
Number of guessed Characters (last time): 0 (0%)
Number of tries: 0
-------------------------------------------------------------------
Timestamp: 2019-1-23
Number of guessed Characters (last time): 0 (0%)
Number of tries: 0
-------------------------------------------------------------------
Timestamp: 2019-1-23
Number of guessed Characters (last time): 3 (100%)
Number of tries: 327
-------------------------------------------------------------------
Timestamp: 2019-1-23
Number of guessed Characters (last time): 4 (100%)
Number of tries: 165
-------------------------------------------------------------------
Timestamp: 2019-1-23
Number of guessed Characters (last time): 1 (9.09091%)
Number of tries: 3878
-------------------------------------------------------------------
Timestamp: 2019-1-23
Number of guessed Characters (last time): 3 (100%)
Number of tries: 141
-------------------------------------------------------------------
Timestamp: 2019-1-23
Number of guessed Characters (last time): 0 (0%)
Number of tries: 0
-------------------------------------------------------------------
Timestamp: 2019-1-23
Number of guessed Characters (last time): 0 (0%)
Number of tries: 0
-------------------------------------------------------------------
Timestamp: 2019-1-23
Number of guessed Characters (last time): 0 (0%)
Number of tries: 0
-------------------------------------------------------------------
Timestamp: 2019-1-23
Number of guessed Characters (last time): 8 (100%)
Number of tries: 711
-------------------------------------------------------------------
Timestamp: 2019-1-24
Number of guessed Characters (last time): 16 (100%)
Number of tries: 1217
-------------------------------------------------------------------
Timestamp: 2019-1-24
Number of guessed Characters (last time): 0 (0%)
Number of tries: 80
-------------------------------------------------------------------
Timestamp: 2019-1-24
Number of guessed Characters (last time): 0 (0%)
Number of tries: 0
-------------------------------------------------------------------
Timestamp: 2019-1-24
Number of guessed Characters (last time): 4 (100%)
Number of tries: 232
                                                                                                                                                                   -------------------------------------------------------------------
Timestamp: 2019-1-24
Number of guessed Characters (last time): 8 (100%)
Number of tries: 390
-------------------------------------------------------------------
Timestamp: 2019-1-24
Number of guessed Characters (last time): 0 (0%)
Number of tries: 5
-------------------------------------------------------------------
Timestamp: 2019-1-24
Number of guessed Characters (last time): 17 (100%)
Number of tries: 1246
-------------------------------------------------------------------
Timestamp: 2019-1-24
Number of guessed Characters (last time): 17 (100%)
Number of tries: 1274
-------------------------------------------------------------------
Timestamp: 2019-1-24
Number of guessed Characters (last time): 0 (0%)
Number of tries: 0
-------------------------------------------------------------------
Timestamp: 2019-1-24
Number of guessed Characters (last time): 8 (100%)
Number of tries: 434
-------------------------------------------------------------------
Timestamp: 2019-1-24
Number of guessed Characters (last time): 8 (100%)
Number of tries: 398
-------------------------------------------------------------------
Timestamp: 2019-1-24
Number of guessed Characters (last time): 8 (100%)
Number of tries: 470
-------------------------------------------------------------------
Timestamp: 2019-1-24
Number of guessed Characters (last time): 10 (100%)
Number of tries: 1569
-------------------------------------------------------------------
Timestamp: 2019-1-24
Number of guessed Characters (last time): 0 (0%)
Number of tries: 0
-------------------------------------------------------------------
Timestamp: 2019-1-24
Number of guessed Characters (last time): 19 (100%)
Number of tries: 5606
-------------------------------------------------------------------
Timestamp: 2019-1-24
Number of guessed Characters (last time): 16 (100%)
Number of tries: 4926
-------------------------------------------------------------------
Timestamp: 2019-1-24
Number of guessed Characters (last time): 4 (100%)
Number of tries: 406
-------------------------------------------------------------------
Timestamp: 2019-1-24
Number of guessed Characters (last time): 0 (0%)
Number of tries: 5
-------------------------------------------------------------------
Timestamp: 2019-1-24
Number of guessed Characters (last time): 0 (0%)
Number of tries: 114
-------------------------------------------------------------------
Timestamp: 2019-1-24
Number of guessed Characters (last time): 3 (100%)
Number of tries: 185
-------------------------------------------------------------------
Timestamp: 2019-1-24
Number of guessed Characters (last time): 3 (100%)
Number of tries: 28
-------------------------------------------------------------------
Timestamp: 2019-1-24
Number of guessed Characters (last time): 16 (100%)
Number of tries: 846
-------------------------------------------------------------------
Timestamp: 2019-1-24
Number of guessed Characters (last time): 8 (100%)
Number of tries: 350
-------------------------------------------------------------------
Timestamp: 2019-1-24
Number of guessed Characters (last time): 0 (0%)
Number of tries: 0
-------------------------------------------------------------------
Timestamp: 2019-1-24
Number of guessed Characters (last time): 0 (0%)
Number of tries: 5
-------------------------------------------------------------------
Timestamp: 2019-1-24
Number of guessed Characters (last time): 1 (12.5%)
Number of tries: 5
-------------------------------------------------------------------
Timestamp: 2019-1-24
Number of guessed Characters (last time): 1 (12.5%)
Number of tries: 399
-------------------------------------------------------------------
Timestamp: 2019-1-24
Number of guessed Characters (last time): 0 (0%)
Number of tries: 5
-------------------------------------------------------------------
Timestamp: 2019-1-24
Number of guessed Characters (last time): 3 (100%)
Number of tries: 82
-------------------------------------------------------------------
Timestamp: 2019-1-24
Number of guessed Characters (last time): 0 (0%)
Number of tries: 5
-------------------------------------------------------------------
Timestamp: 2019-1-24
Number of guessed Characters (last time): 0 (0%)
Number of tries: 1
-------------------------------------------------------------------
Timestamp: 2019-1-24
Number of guessed Characters (last time): 0 (0%)
Number of tries: 1
-------------------------------------------------------------------
Timestamp: 2019-1-24
Number of guessed Characters (last time): 0 (0%)
Number of tries: 1
-------------------------------------------------------------------
Timestamp: 2019-1-24
Number of guessed Characters (last time): 0 (0%)
Number of tries: 6
-------------------------------------------------------------------
Timestamp: 2019-1-24
Number of guessed Characters (last time): 0 (0%)
Number of tries: 9
-------------------------------------------------------------------
Timestamp: 2019-1-24
Number of guessed Characters (last time): 0 (0%)
Number of tries: 1
-------------------------------------------------------------------
Timestamp: 2019-1-24
Number of guessed Characters (last time): 0 (0%)
Number of tries: 38
-------------------------------------------------------------------
Timestamp: 2019-1-24
Number of guessed Characters (last time): 0 (0%)
Number of tries: 22
-------------------------------------------------------------------
Timestamp: 2019-1-24
Number of guessed Characters (last time): 0 (0%)
Number of tries: 266
-------------------------------------------------------------------
Timestamp: 2019-1-24
Number of guessed Characters (last time): 0 (0%)
Number of tries: 5
-------------------------------------------------------------------
Timestamp: 2019-1-24
Number of guessed Characters (last time): 0 (0%)
Number of tries: 0
-------------------------------------------------------------------
Timestamp: 2019-1-24
Number of guessed Characters (last time): 4 (100%)
Number of tries: 165
-------------------------------------------------------------------
Timestamp: 2019-1-24
Number of guessed Characters (last time): 8 (100%)
Number of tries: 364
-------------------------------------------------------------------
Timestamp: 2019-1-24
Number of guessed Characters (last time): 15 (100%)
Number of tries: 641
-------------------------------------------------------------------
Timestamp: 2019-1-24
Number of guessed Characters (last time): 12 (100%)
Number of tries: 532
-------------------------------------------------------------------
Timestamp: 2019-1-24
Number of guessed Characters (last time): 4 (100%)
Number of tries: 173
-------------------------------------------------------------------
Timestamp: 2019-1-24
Number of guessed Characters (last time): 10 (100%)
Number of tries: 425
-------------------------------------------------------------------
Timestamp: 2019-1-24
Number of guessed Characters (last time): 0 (0%)
Number of tries: 711
-------------------------------------------------------------------
Timestamp: 2019-1-24
Number of guessed Characters (last time): 0 (0%)
Number of tries: 5
-------------------------------------------------------------------
Timestamp: 2019-1-24
Number of guessed Characters (last time): 0 (0%)
Number of tries: 0
-------------------------------------------------------------------
Timestamp: 2019-1-24
Number of guessed Characters (last time): 0 (0%)
Number of tries: 5
-------------------------------------------------------------------
Timestamp: 2019-1-24
Number of guessed Characters (last time): 0 (0%)
Number of tries: 119
-------------------------------------------------------------------
Timestamp: 2019-1-24
Number of guessed Characters (last time): 0 (0%)
Number of tries: 5
-------------------------------------------------------------------
Timestamp: 2019-1-24
Number of guessed Characters (last time): 0 (0%)
Number of tries: 10
-------------------------------------------------------------------
Timestamp: 2019-1-24
Number of guessed Characters (last time): 0 (0%)
Number of tries: 0
-------------------------------------------------------------------
Timestamp: 2019-1-24
Number of guessed Characters (last time): 3 (100%)
Number of tries: 105
-------------------------------------------------------------------
Timestamp: 2019-1-24
Number of guessed Characters (last time): 0 (0%)
Number of tries: 5
-------------------------------------------------------------------
Timestamp: 2019-1-24
Number of guessed Characters (last time): 0 (0%)
Number of tries: 17
-------------------------------------------------------------------
Timestamp: 2019-1-24
Number of guessed Characters (last time): 0 (0%)
Number of tries: 5
-------------------------------------------------------------------
Timestamp: 2019-1-24
Number of guessed Characters (last time): 0 (0%)
Number of tries: 17
-------------------------------------------------------------------
Timestamp: 2019-1-24
Number of guessed Characters (last time): 0 (0%)
Number of tries: 10
-------------------------------------------------------------------
Timestamp: 2019-1-24
Number of guessed Characters (last time): 0 (0%)
Number of tries: 5
-------------------------------------------------------------------
Timestamp: 2019-1-24
Number of guessed Characters (last time): 1 (7.14286%)
Number of tries: 14
-------------------------------------------------------------------
Timestamp: 2019-1-24
Number of guessed Characters (last time): 0 (0%)
Number of tries: 347
-------------------------------------------------------------------
Timestamp: 2019-1-24
Number of guessed Characters (last time): 0 (0%)
Number of tries: 5
-------------------------------------------------------------------
Timestamp: 2019-1-24
Number of guessed Characters (last time): 3 (100%)
Number of tries: 92
-------------------------------------------------------------------
Timestamp: 2019-1-24
Number of guessed Characters (last time): 20 (100%)
Number of tries: 676
-------------------------------------------------------------------
Timestamp: 2019-1-24
Number of guessed Characters (last time): 0 (0%)
Number of tries: 0
-------------------------------------------------------------------
Timestamp: 2019-1-24
Number of guessed Characters (last time): 0 (0%)
Number of tries: 5
-------------------------------------------------------------------
Timestamp: 2019-1-24
Number of guessed Characters (last time): 3 (100%)
Number of tries: 197
-------------------------------------------------------------------
Timestamp: 2019-1-24
Number of guessed Characters (last time): 0 (0%)
Number of tries: 1
-------------------------------------------------------------------
Timestamp: 2019-1-24
Number of guessed Characters (last time): 0 (0%)
Number of tries: 5
-------------------------------------------------------------------
Timestamp: 2019-1-24
Number of guessed Characters (last time): 0 (0%)
Number of tries: 1
-------------------------------------------------------------------
Timestamp: 2019-1-24
Number of guessed Characters (last time): 0 (0%)
Number of tries: 1
-------------------------------------------------------------------
Timestamp: 2019-1-24
Number of guessed Characters (last time): 0 (0%)
Number of tries: 1
-------------------------------------------------------------------
Timestamp: 2019-1-24
Number of guessed Characters (last time): 0 (0%)
Number of tries: 5
-------------------------------------------------------------------
Timestamp: 2019-1-24
Number of guessed Characters (last time): 0 (0%)
Number of tries: 1
-------------------------------------------------------------------
Timestamp: 2019-1-24
Number of guessed Characters (last time): 0 (0%)
Number of tries: 20
-------------------------------------------------------------------
Timestamp: 2019-1-24
Number of guessed Characters (last time): 0 (0%)
Number of tries: 1
-------------------------------------------------------------------
Timestamp: 2019-1-24
Number of guessed Characters (last time): 0 (0%)
Number of tries: 1
-------------------------------------------------------------------
Timestamp: 2019-1-24
Number of guessed Characters (last time): 0 (0%)
Number of tries: 5
-------------------------------------------------------------------
Timestamp: 2019-1-24
Number of guessed Characters (last time): 0 (0%)
Number of tries: 1
-------------------------------------------------------------------
Timestamp: 2019-1-24
Number of guessed Characters (last time): 0 (0%)
Number of tries: 5
-------------------------------------------------------------------
Timestamp: 2019-1-24
Number of guessed Characters (last time): 0 (0%)
Number of tries: 1
-------------------------------------------------------------------
Timestamp: 2019-1-24
Number of guessed Characters (last time): 0 (0%)
Number of tries: 5
-------------------------------------------------------------------
Timestamp: 2019-1-24
Number of guessed Characters (last time): 0 (0%)
Number of tries: 1
-------------------------------------------------------------------
Timestamp: 2019-1-24
Number of guessed Characters (last time): 0 (0%)
Number of tries: 5
-------------------------------------------------------------------
Timestamp: 2019-1-24
Number of guessed Characters (last time): 0 (0%)
Number of tries: 1
-------------------------------------------------------------------
Timestamp: 2019-1-24
Number of guessed Characters (last time): 0 (0%)
Number of tries: 1
-------------------------------------------------------------------
Timestamp: 2019-1-24
Number of guessed Characters (last time): 0 (0%)
Number of tries: 6
-------------------------------------------------------------------
Timestamp: 2019-1-24
Number of guessed Characters (last time): 0 (0%)
Number of tries: 5
-------------------------------------------------------------------
Timestamp: 2019-1-24
Number of guessed Characters (last time): 1 (33.3333%)
Number of tries: 1
-------------------------------------------------------------------
Timestamp: 2019-1-24
Number of guessed Characters (last time): 0 (0%)
Number of tries: 1
-------------------------------------------------------------------
Timestamp: 2019-1-24
Number of guessed Characters (last time): 0 (0%)
Number of tries: 1
-------------------------------------------------------------------
Timestamp: 2019-1-24
Number of guessed Characters (last time): 0 (0%)
Number of tries: 5
-------------------------------------------------------------------
Timestamp: 2019-1-24
Number of guessed Characters (last time): 0 (0%)
Number of tries: 0
-------------------------------------------------------------------
Timestamp: 2019-1-25
Number of guessed Characters (last time): 0 (0%)
Number of tries: 5
-------------------------------------------------------------------
Timestamp: 2019-1-25
Number of guessed Characters (last time): 0 (0%)
Number of tries: 5
-------------------------------------------------------------------
Timestamp: 2019-1-25
Number of guessed Characters (last time): 0 (0%)
Number of tries: 5
-------------------------------------------------------------------
Timestamp: 2019-1-25
Number of guessed Characters (last time): 0 (0%)
Number of tries: 5
-------------------------------------------------------------------
Timestamp: 2019-1-25
Number of guessed Characters (last time): 0 (0%)
Number of tries: 5
-------------------------------------------------------------------
Timestamp: 2019-1-25
Number of guessed Characters (last time): 0 (0%)
Number of tries: 0
-------------------------------------------------------------------
Timestamp: 2019-1-25
Number of guessed Characters (last time): 0 (0%)
Number of tries: 5
-------------------------------------------------------------------
Timestamp: 2019-1-25
Number of guessed Characters (last time): 0 (0%)
Number of tries: 0
-------------------------------------------------------------------
Timestamp: 2019-1-25
Number of guessed Characters (last time): 0 (0%)
Number of tries: 0
-------------------------------------------------------------------
Timestamp: 2019-1-25
Number of guessed Characters (last time): 0 (0%)
Number of tries: 4
-------------------------------------------------------------------
Timestamp: 2019-1-25
Number of guessed Characters (last time): 0 (0%)
Number of tries: 4
-------------------------------------------------------------------
Timestamp: 2019-1-25
Number of guessed Characters (last time): 0 (0%)
Number of tries: 0
-------------------------------------------------------------------
Timestamp: 2019-1-25
Number of guessed Characters (last time): 0 (0%)
Number of tries: 5
-------------------------------------------------------------------
Timestamp: 2019-1-25
Number of guessed Characters (last time): 0 (0%)
Number of tries: 0
-------------------------------------------------------------------
Timestamp: 2019-1-25
Number of guessed Characters (last time): 0 (0%)
Number of tries: 3
-------------------------------------------------------------------
Timestamp: 2019-1-25
Number of guessed Characters (last time): 0 (0%)
Number of tries: 5
-------------------------------------------------------------------
Timestamp: 2019-1-25
Number of guessed Characters (last time): 0 (0%)
Number of tries: 5
-------------------------------------------------------------------
Timestamp: 2019-1-25
Number of guessed Characters (last time): 0 (0%)
Number of tries: 5
-------------------------------------------------------------------
Timestamp: 2019-1-25
Number of guessed Characters (last time): 0 (0%)
Number of tries: 5
-------------------------------------------------------------------
Timestamp: 2019-1-25
Number of guessed Characters (last time): 0 (0%)
Number of tries: 5
-------------------------------------------------------------------
Timestamp: 2019-1-25
Number of guessed Characters (last time): 0 (0%)
Number of tries: 106
-------------------------------------------------------------------
Timestamp: 2019-1-25
Number of guessed Characters (last time): 0 (0%)
Number of tries: 5
-------------------------------------------------------------------
Timestamp: 2019-1-25
Number of guessed Characters (last time): 0 (0%)
Number of tries: 0
-------------------------------------------------------------------
Timestamp: 2019-1-25
Number of guessed Characters (last time): 0 (0%)
Number of tries: 5
-------------------------------------------------------------------
Timestamp: 2019-1-25
Number of guessed Characters (last time): 0 (0%)
Number of tries: 5
-------------------------------------------------------------------
Timestamp: 2019-1-25
Number of guessed Characters (last time): 0 (0%)
Number of tries: 5
-------------------------------------------------------------------
Timestamp: 2019-1-25
Number of guessed Characters (last time): 0 (0%)
Number of tries: 5
-------------------------------------------------------------------
Timestamp: 2019-1-25
Number of guessed Characters (last time): 0 (0%)
Number of tries: 1
-------------------------------------------------------------------
Timestamp: 2019-1-25
Number of guessed Characters (last time): 0 (0%)
Number of tries: 0
-------------------------------------------------------------------
Timestamp: 2019-1-25
Number of guessed Characters (last time): 0 (0%)
Number of tries: 0
-------------------------------------------------------------------
Timestamp: 2019-1-25
Number of guessed Characters (last time): 0 (0%)
Number of tries: 0
-------------------------------------------------------------------
Timestamp: 2019-1-25
Number of guessed Characters (last time): 0 (0%)
Number of tries: 0
-------------------------------------------------------------------
Timestamp: 2019-1-25
Number of guessed Characters (last time): 0 (0%)
Number of tries: 5
-------------------------------------------------------------------
Timestamp: 2019-1-25
Number of guessed Characters (last time): 0 (0%)
Number of tries: 5
-------------------------------------------------------------------
Timestamp: 2019-1-25
Number of guessed Characters (last time): 0 (0%)
Number of tries: 0
-------------------------------------------------------------------
Timestamp: 2019-1-25
Number of guessed Characters (last time): 0 (0%)
Number of tries: 5
-------------------------------------------------------------------
Timestamp: 2019-1-25
Number of guessed Characters (last time): 0 (0%)
Number of tries: 5
-------------------------------------------------------------------
Timestamp: 2019-1-25
Number of guessed Characters (last time): 0 (0%)
Number of tries: 5
-------------------------------------------------------------------
Timestamp: 2019-1-25
Number of guessed Characters (last time): 1 (33.3333%)
Number of tries: 5
-------------------------------------------------------------------
Timestamp: 2019-1-25
Number of guessed Characters (last time): 0 (0%)
Number of tries: 0
-------------------------------------------------------------------
Timestamp: 2019-1-25
Number of guessed Characters (last time): 0 (0%)
Number of tries: 0
-------------------------------------------------------------------
Timestamp: 2019-1-25
Number of guessed Characters (last time): 1 (33.3333%)
Number of tries: 5
-------------------------------------------------------------------
Timestamp: 2019-1-25
Number of guessed Characters (last time): 3 (100%)
Number of tries: 214
-------------------------------------------------------------------
Timestamp: 2019-1-25
Number of guessed Characters (last time): 0 (0%)
Number of tries: 0
-------------------------------------------------------------------
Timestamp: 2019-1-25
Number of guessed Characters (last time): 3 (100%)
Number of tries: 216
-------------------------------------------------------------------
Timestamp: 2019-1-25
Number of guessed Characters (last time): 3 (100%)
Number of tries: 182
-------------------------------------------------------------------
Timestamp: 2019-1-25
Number of guessed Characters (last time): 3 (100%)
Number of tries: 174
-------------------------------------------------------------------
Timestamp: 2019-1-25
Number of guessed Characters (last time): 0 (0%)
Number of tries: 5
-------------------------------------------------------------------
Timestamp: 2019-1-25
Number of guessed Characters (last time): 0 (0%)
Number of tries: 0
-------------------------------------------------------------------
Timestamp: 2019-1-25
Number of guessed Characters (last time): 0 (0%)
Number of tries: 5
-------------------------------------------------------------------
Timestamp: 2019-1-25
Number of guessed Characters (last time): 0 (0%)
Number of tries: 5
-------------------------------------------------------------------
Timestamp: 2019-1-25
Number of guessed Characters (last time): 2 (100%)
Number of tries: 91
-------------------------------------------------------------------
Timestamp: 2019-1-25
Number of guessed Characters (last time): 0 (0%)
Number of tries: 5
-------------------------------------------------------------------
Timestamp: 2019-1-25
Number of guessed Characters (last time): 0 (0%)
Number of tries: 0
-------------------------------------------------------------------
Timestamp: 2019-1-25
Number of guessed Characters (last time): 0 (0%)
Number of tries: 5
-------------------------------------------------------------------
Timestamp: 2019-1-25
Number of guessed Characters (last time): 0 (0%)
Number of tries: 5
-------------------------------------------------------------------
Timestamp: 2019-1-25
Number of guessed Characters (last time): 2 (100%)
Number of tries: 111
-------------------------------------------------------------------
Timestamp: 2019-1-25
Number of guessed Characters (last time): 0 (0%)
Number of tries: 1
-------------------------------------------------------------------
Timestamp: 2019-1-25
Number of guessed Characters (last time): 0 (0%)
Number of tries: 1
-------------------------------------------------------------------
Timestamp: 2019-1-25
Number of guessed Characters (last time): 2 (100%)
Number of tries: 196
-------------------------------------------------------------------
Timestamp: 2019-1-25
Number of guessed Characters (last time): 0 (0%)
Number of tries: 565
-------------------------------------------------------------------
Timestamp: 2019-1-25
Number of guessed Characters (last time): 2 (100%)
Number of tries: 136
-------------------------------------------------------------------
Timestamp: 2019-1-25
Number of guessed Characters (last time): 3 (100%)
Number of tries: 188
-------------------------------------------------------------------
Timestamp: 2019-1-25
Number of guessed Characters (last time): 0 (0%)
Number of tries: 10
-------------------------------------------------------------------
Timestamp: 2019-1-25
Number of guessed Characters (last time): 6 (100%)
Number of tries: 504
-------------------------------------------------------------------
Timestamp: 2019-1-25
Number of guessed Characters (last time): 3 (100%)
Number of tries: 203
-------------------------------------------------------------------
Timestamp: 2019-1-25
Number of guessed Characters (last time): 3 (100%)
Number of tries: 237
-------------------------------------------------------------------
Timestamp: 2019-1-25
Number of guessed Characters (last time): 3 (100%)
Number of tries: 186
-------------------------------------------------------------------
Timestamp: 2019-1-25
Number of guessed Characters (last time): 0 (0%)
Number of tries: 60
-------------------------------------------------------------------
Timestamp: 2019-1-25
Number of guessed Characters (last time): 3 (100%)
Number of tries: 252
-------------------------------------------------------------------
Timestamp: 2019-1-25
Number of guessed Characters (last time): 8 (100%)
Number of tries: 598
-------------------------------------------------------------------
Timestamp: 2019-1-25
Number of guessed Characters (last time): 0 (0%)
Number of tries: 8
-------------------------------------------------------------------
Timestamp: 2019-1-25
Number of guessed Characters (last time): 0 (0%)
Number of tries: 9
-------------------------------------------------------------------
Timestamp: 2019-1-25
Number of guessed Characters (last time): 0 (0%)
Number of tries: 8
-------------------------------------------------------------------
Timestamp: 2019-1-25
Number of guessed Characters (last time): 0 (0%)
Number of tries: 5
-------------------------------------------------------------------
Timestamp: 2019-1-25
Number of guessed Characters (last time): 0 (0%)
Number of tries: 10
-------------------------------------------------------------------
Timestamp: 2019-1-25
Number of guessed Characters (last time): 0 (0%)
Number of tries: 10
-------------------------------------------------------------------
Timestamp: 2019-1-25
Number of guessed Characters (last time): 0 (0%)
Number of tries: 10
-------------------------------------------------------------------
Timestamp: 2019-1-25
Number of guessed Characters (last time): 0 (0%)
Number of tries: 5
-------------------------------------------------------------------
Timestamp: 2019-1-25
Number of guessed Characters (last time): 0 (0%)
Number of tries: 8
-------------------------------------------------------------------
Timestamp: 2019-1-25
Number of guessed Characters (last time): 0 (0%)
Number of tries: 8
-------------------------------------------------------------------
Timestamp: 2019-1-25
Number of guessed Characters (last time): 1 (33.3333%)
Number of tries: 5
-------------------------------------------------------------------
Timestamp: 2019-1-25
Number of guessed Characters (last time): 0 (0%)
Number of tries: 8
-------------------------------------------------------------------
Timestamp: 2019-1-25
Number of guessed Characters (last time): 0 (0%)
Number of tries: 8
-------------------------------------------------------------------
Timestamp: 2019-1-25
Number of guessed Characters (last time): 1 (33.3333%)
Number of tries: 5
-------------------------------------------------------------------
Timestamp: 2019-1-25
Number of guessed Characters (last time): 0 (0%)
Number of tries: 10
-------------------------------------------------------------------
Timestamp: 2019-1-25
Number of guessed Characters (last time): 0 (0%)
Number of tries: 1
-------------------------------------------------------------------
Timestamp: 2019-1-25
Number of guessed Characters (last time): 0 (0%)
Number of tries: 0
-------------------------------------------------------------------
Timestamp: 2019-1-25
Number of guessed Characters (last time): 0 (0%)
Number of tries: 5
-------------------------------------------------------------------
Timestamp: 2019-1-25
Number of guessed Characters (last time): 3 (100%)
Number of tries: 245
-------------------------------------------------------------------
Timestamp: 2019-1-25
Number of guessed Characters (last time): 0 (0%)
Number of tries: 8
-------------------------------------------------------------------
Timestamp: 2019-1-25
Number of guessed Characters (last time): 0 (0%)
Number of tries: 8
-------------------------------------------------------------------
Timestamp: 2019-1-25
Number of guessed Characters (last time): 0 (0%)
Number of tries: 8
-------------------------------------------------------------------
Timestamp: 2019-1-25
Number of guessed Characters (last time): 3 (100%)
Number of tries: 193
-------------------------------------------------------------------
Timestamp: 2019-1-25
Number of guessed Characters (last time): 0 (0%)
Number of tries: 5
-------------------------------------------------------------------
Timestamp: 2019-1-25
Number of guessed Characters (last time): 0 (0%)
Number of tries: 5
-------------------------------------------------------------------
Timestamp: 2019-1-25
Number of guessed Characters (last time): 0 (0%)
Number of tries: 0
-------------------------------------------------------------------
Timestamp: 2019-1-25
Number of guessed Characters (last time): 0 (0%)
Number of tries: 5
-------------------------------------------------------------------
Timestamp: 2019-1-25
Number of guessed Characters (last time): 0 (0%)
Number of tries: 0
-------------------------------------------------------------------
Timestamp: 2019-1-25
Number of guessed Characters (last time): 0 (0%)
Number of tries: 0
-------------------------------------------------------------------
Timestamp: 2019-1-25
Number of guessed Characters (last time): 2 (100%)
Number of tries: 378
-------------------------------------------------------------------
Timestamp: 2019-1-25
Number of guessed Characters (last time): 0 (0%)
Number of tries: 0
-------------------------------------------------------------------
Timestamp: 2019-1-25
Number of guessed Characters (last time): 0 (0%)
Number of tries: 0
-------------------------------------------------------------------
Timestamp: 2019-1-25
Number of guessed Characters (last time): 0 (0%)
Number of tries: 5
-------------------------------------------------------------------
Timestamp: 2019-1-25
Number of guessed Characters (last time): 0 (0%)
Number of tries: 0
-------------------------------------------------------------------
Timestamp: 2019-1-25
Number of guessed Characters (last time): 1 (50%)
Number of tries: 5
-------------------------------------------------------------------
Timestamp: 2019-1-25
Number of guessed Characters (last time): 2 (100%)
Number of tries: 350
-------------------------------------------------------------------
Timestamp: 2019-1-25
Number of guessed Characters (last time): 2 (100%)
Number of tries: 270
-------------------------------------------------------------------
Timestamp: 2019-1-25
Number of guessed Characters (last time): 0 (0%)
Number of tries: 0
-------------------------------------------------------------------
Timestamp: 2019-1-25
Number of guessed Characters (last time): 0 (0%)
Number of tries: 0
-------------------------------------------------------------------
Timestamp: 2019-1-25
Number of guessed Characters (last time): 3 (37.5%)
Number of tries: 4494
-------------------------------------------------------------------
Timestamp: 2019-1-25
Number of guessed Characters (last time): 3 (100%)
Number of tries: 193
-------------------------------------------------------------------
Timestamp: 2019-1-25
Number of guessed Characters (last time): 8 (100%)
Number of tries: 670
-------------------------------------------------------------------
Timestamp: 2019-1-25
Number of guessed Characters (last time): 3 (100%)
Number of tries: 495
-------------------------------------------------------------------
Timestamp: 2019-1-25
Number of guessed Characters (last time): 0 (0%)
Number of tries: 0
-------------------------------------------------------------------
Timestamp: 2019-1-25
Number of guessed Characters (last time): 8 (100%)
Number of tries: 1316
-------------------------------------------------------------------
Timestamp: 2019-1-25
Number of guessed Characters (last time): 0 (0%)
Number of tries: 0
-------------------------------------------------------------------
Timestamp: 2019-1-25
Number of guessed Characters (last time): 8 (100%)
Number of tries: 1252
-------------------------------------------------------------------
Timestamp: 2019-1-26
Number of guessed Characters (last time): 4 (100%)
Number of tries: 620
-------------------------------------------------------------------
Timestamp: 2019-1-26
Number of guessed Characters (last time): 0 (0%)
Number of tries: 1089
-------------------------------------------------------------------
Timestamp: 2019-1-26
Number of guessed Characters (last time): 6 (100%)
Number of tries: 966
-------------------------------------------------------------------
Timestamp: 2019-1-26
Number of guessed Characters (last time): 0 (0%)
Number of tries: 199
-------------------------------------------------------------------
Timestamp: 2019-1-26
Number of guessed Characters (last time): 1 (12.5%)
Number of tries: 171
-------------------------------------------------------------------
Timestamp: 2019-1-26
Number of guessed Characters (last time): 0 (0%)
Number of tries: 1
-------------------------------------------------------------------
Timestamp: 2019-1-26
Number of guessed Characters (last time): 0 (0%)
Number of tries: 10
-------------------------------------------------------------------
Timestamp: 2019-1-26
Number of guessed Characters (last time): 8 (100%)
Number of tries: 1172
-------------------------------------------------------------------
Timestamp: 2019-1-26
Number of guessed Characters (last time): 7 (43.75%)
Number of tries: 2263
-------------------------------------------------------------------
Timestamp: 2019-1-26
Number of guessed Characters (last time): 0 (0%)
Number of tries: 0
-------------------------------------------------------------------
Timestamp: 2019-1-26
Number of guessed Characters (last time): 1 (6.25%)
Number of tries: 67
-------------------------------------------------------------------
Timestamp: 2019-1-26
Number of guessed Characters (last time): 16 (100%)
Number of tries: 2582
-------------------------------------------------------------------
Timestamp: 2019-1-26
Number of guessed Characters (last time): 10 (100%)
Number of tries: 1652
-------------------------------------------------------------------
Timestamp: 2019-1-26
Number of guessed Characters (last time): 4 (40%)
Number of tries: 3610
-------------------------------------------------------------------
Timestamp: 2019-1-26
Number of guessed Characters (last time): 0 (0%)
Number of tries: 0
-------------------------------------------------------------------
Timestamp: 2019-1-26
Number of guessed Characters (last time): 0 (0%)
Number of tries: 0
-------------------------------------------------------------------
Timestamp: 2019-1-26
Number of guessed Characters (last time): 8 (100%)
Number of tries: 1220
-------------------------------------------------------------------
Timestamp: 2019-1-26
Number of guessed Characters (last time): 4 (25%)
Number of tries: 4612
-------------------------------------------------------------------
Timestamp: 2019-1-26
Number of guessed Characters (last time): 4 (100%)
Number of tries: 329
-------------------------------------------------------------------
Timestamp: 2019-1-26
Number of guessed Characters (last time): 8 (100%)
Number of tries: 639
-------------------------------------------------------------------
Timestamp: 2019-1-26
Number of guessed Characters (last time): 4 (25%)
Number of tries: 2319
-------------------------------------------------------------------
Timestamp: 2019-1-26
Number of guessed Characters (last time): 4 (100%)
Number of tries: 291
