   1              		.cpu cortex-m4
   2              		.eabi_attribute 27, 1
   3              		.eabi_attribute 20, 1
   4              		.eabi_attribute 21, 1
   5              		.eabi_attribute 23, 3
   6              		.eabi_attribute 24, 1
   7              		.eabi_attribute 25, 1
   8              		.eabi_attribute 26, 1
   9              		.eabi_attribute 30, 6
  10              		.eabi_attribute 34, 1
  11              		.eabi_attribute 18, 4
  12              		.file	"PartA.c"
  13              		.text
  14              	.Ltext0:
  15              		.cfi_sections	.debug_frame
  16              		.comm	dotDuration,1,1
  17              		.comm	dashDuration,2,2
  18              		.comm	letterSpacing,2,2
  19              		.comm	wordSpacing,2,2
  20              		.comm	globalSysTickCounter,4,4
  21              		.global	pauseDuration
  22              		.section	.rodata
  23              		.align	1
  26              	pauseDuration:
  27 0000 8813     		.short	5000
  28              		.section	.text.main,"ax",%progbits
  29              		.align	1
  30              		.global	main
  31              		.syntax unified
  32              		.thumb
  33              		.thumb_func
  34              		.fpu fpv4-sp-d16
  36              	main:
  37              	.LFB128:
  38              		.file 1 "PartA.c"
   1:PartA.c       **** /**
   2:PartA.c       **** *	Created By: Tapan Sharma
   3:PartA.c       **** *	Matrikulation Number: 03712841
   4:PartA.c       **** *   
   5:PartA.c       **** *   Assignment: Implementation of Morse Code using LED1 on Pin P1.1 to send Code Word "I CAN MORSE"
   6:PartA.c       **** */
   7:PartA.c       **** 
   8:PartA.c       **** /**************************************************************************************************
   9:PartA.c       **** 																							HEADER FILES																															
  10:PartA.c       **** ***************************************************************************************************
  11:PartA.c       **** 
  12:PartA.c       **** #include "morse_definition.h"
  13:PartA.c       **** #include "timer_config.h"
  14:PartA.c       **** 
  15:PartA.c       **** /**************************************************************************************************
  16:PartA.c       **** 														STANDARD DEFINITIONS, MACROS, DECLARATIONS AND GLOBAL CONSTANTS														
  17:PartA.c       **** ***************************************************************************************************
  18:PartA.c       **** 
  19:PartA.c       **** const uint16_t pauseDuration = 5000;
  20:PartA.c       ****  
  21:PartA.c       **** /**************************************************************************************************
  22:PartA.c       **** 																							FUNCTION DEFINITIONS														
  23:PartA.c       **** ***************************************************************************************************
  24:PartA.c       **** 
  25:PartA.c       **** int main(void) {
  39              		.loc 1 25 0
  40              		.cfi_startproc
  41              		@ args = 0, pretend = 0, frame = 8
  42              		@ frame_needed = 1, uses_anonymous_args = 0
  43 0000 80B5     		push	{r7, lr}
  44              	.LCFI0:
  45              		.cfi_def_cfa_offset 8
  46              		.cfi_offset 7, -8
  47              		.cfi_offset 14, -4
  48 0002 82B0     		sub	sp, sp, #8
  49              	.LCFI1:
  50              		.cfi_def_cfa_offset 16
  51 0004 00AF     		add	r7, sp, #0
  52              	.LCFI2:
  53              		.cfi_def_cfa_register 7
  26:PartA.c       **** 	
  27:PartA.c       **** 	// 1. Initialise System Clock.
  28:PartA.c       **** 	initSysTick();
  54              		.loc 1 28 0
  55 0006 FFF7FEFF 		bl	initSysTick
  29:PartA.c       **** 	
  30:PartA.c       **** 	// 2. Initialise GPIO
  31:PartA.c       **** 	initGPIO();
  56              		.loc 1 31 0
  57 000a FFF7FEFF 		bl	initGPIO
  58              	.L2:
  59              	.LBB2:
  32:PartA.c       **** 	
  33:PartA.c       **** 	// 3. Program Logic
  34:PartA.c       **** 	while(1) {
  35:PartA.c       **** 		transmitMessage();
  60              		.loc 1 35 0 discriminator 1
  61 000e FFF7FEFF 		bl	transmitMessage
  36:PartA.c       **** 		int delayNextSequenceBy = pauseDuration - dotDuration;
  62              		.loc 1 36 0 discriminator 1
  63 0012 41F28833 		movw	r3, #5000
  64 0016 1A46     		mov	r2, r3
  65 0018 044B     		ldr	r3, .L3
  66 001a 1B78     		ldrb	r3, [r3]	@ zero_extendqisi2
  67 001c D31A     		subs	r3, r2, r3
  68 001e 7B60     		str	r3, [r7, #4]
  37:PartA.c       **** 		delay(delayNextSequenceBy);
  69              		.loc 1 37 0 discriminator 1
  70 0020 7B68     		ldr	r3, [r7, #4]
  71 0022 1846     		mov	r0, r3
  72 0024 FFF7FEFF 		bl	delay
  73              	.LBE2:
  34:PartA.c       **** 		transmitMessage();
  74              		.loc 1 34 0 discriminator 1
  75 0028 F1E7     		b	.L2
  76              	.L4:
  77 002a 00BF     		.align	2
  78              	.L3:
  79 002c 00000000 		.word	dotDuration
  80              		.cfi_endproc
  81              	.LFE128:
  83              		.text
  84              	.Letext0:
  85              		.file 2 "/usr/arm-none-eabi/include/machine/_default_types.h"
  86              		.file 3 "/usr/arm-none-eabi/include/sys/_stdint.h"
  87              		.file 4 "/usr/arm-none-eabi/include/sys/lock.h"
  88              		.file 5 "/usr/arm-none-eabi/include/sys/_types.h"
  89              		.file 6 "/usr/lib/gcc/arm-none-eabi/7.3.1/include/stddef.h"
  90              		.file 7 "/usr/arm-none-eabi/include/sys/reent.h"
  91              		.file 8 "/opt/XMClib/XMC_Peripheral_Library_v2.1.16/CMSIS/Include/core_cm4.h"
  92              		.file 9 "/opt/XMClib/XMC_Peripheral_Library_v2.1.16/CMSIS/Infineon/XMC4500_series/Include/system_X
  93              		.file 10 "morse_definition.h"
  94              		.file 11 "timer_config.h"
DEFINED SYMBOLS
                            *ABS*:0000000000000000 PartA.c
                            *COM*:0000000000000001 dotDuration
                            *COM*:0000000000000002 dashDuration
                            *COM*:0000000000000002 letterSpacing
                            *COM*:0000000000000002 wordSpacing
                            *COM*:0000000000000004 globalSysTickCounter
     /tmp/ccPkT4jG.s:26     .rodata:0000000000000000 pauseDuration
     /tmp/ccPkT4jG.s:23     .rodata:0000000000000000 $d
     /tmp/ccPkT4jG.s:29     .text.main:0000000000000000 $t
     /tmp/ccPkT4jG.s:36     .text.main:0000000000000000 main
     /tmp/ccPkT4jG.s:79     .text.main:000000000000002c $d
                           .group:0000000000000000 wm4.0.7a9f4dea188ccacb7d502cdcabb040c1
                           .group:0000000000000000 wm4.stddef.h.39.99b5021e28f91cdb161c889e07266673
                           .group:0000000000000000 wm4._newlib_version.h.4.875b979a44719054cd750d0952ad3fd6
                           .group:0000000000000000 wm4.features.h.33.5bd1eea2d80518b50f7af0b5ce6750e0
                           .group:0000000000000000 wm4._default_types.h.15.247e5cd201eca3442cbf5404108c4935
                           .group:0000000000000000 wm4._intsup.h.10.cce27fed8484c08a33f522034c30d2b5
                           .group:0000000000000000 wm4._stdint.h.10.c24fa3af3bc1706662bb5593a907e841
                           .group:0000000000000000 wm4.stdint.h.23.d53047a68f4a85177f80b422d52785ed
                           .group:0000000000000000 wm4.stdbool.h.29.07dce69c3b78884144b7f7bd19483461
                           .group:0000000000000000 wm4.newlib.h.8.f6e543eac3f2f65163ba2ffe3b04987b
                           .group:0000000000000000 wm4.ieeefp.h.77.220d9cccac42cd58761758bee2df4ce6
                           .group:0000000000000000 wm4.config.h.220.6cac6a9685cfce5e83c17784171638d9
                           .group:0000000000000000 wm4._ansi.h.31.de524f58584151836e90d8620a16f8e8
                           .group:0000000000000000 wm4.lock.h.2.1461d1fff82dffe8bfddc23307f6484f
                           .group:0000000000000000 wm4._types.h.125.5cf8a495f1f7ef36777ad868a1e32068
                           .group:0000000000000000 wm4.stddef.h.161.5349cb105733e8777bfb0cf53c4e3f34
                           .group:0000000000000000 wm4._types.h.184.03611d4f6b5bec9997bcf4279eceba07
                           .group:0000000000000000 wm4.reent.h.17.90c2574d4acdcfce933db5cb09ff35fe
                           .group:0000000000000000 wm4.cdefs.h.47.14fad0b327eb9dcf106599b738d85132
                           .group:0000000000000000 wm4.string.h.15.dab3980bf35408a4c507182805e2de3a
                           .group:0000000000000000 wm4.stddef.h.161.19e15733342b50ead2919490b095303e
                           .group:0000000000000000 wm4.xmc_device.h.61.ba2d082e12f51240746cffdd60d42b81
                           .group:0000000000000000 wm4.XMC4500.h.55.9aa45b9b5790506b2dcb963e4e7adeaf
                           .group:0000000000000000 wm4.core_cm4.h.32.6c6eb1c8daeca23ce7ba79c8e8120d52
                           .group:0000000000000000 wm4.cmsis_gcc.h.26.91b63349961c35637933e4fba51b867b
                           .group:0000000000000000 wm4.core_cm4.h.172.fdd5a388a160bb6ff767b7d7ee212268
                           .group:0000000000000000 wm4.system_XMC4500.h.42.99124977c10ca8844a71949adbeabd70
                           .group:0000000000000000 wm4.XMC4500.h.208.b340195df97f067735c4c769ba59985a
                           .group:0000000000000000 wm4.xmc_device.h.1460.8860499b404961ffcfbb8d1fefcb2146
                           .group:0000000000000000 wm4.xmc_common.h.92.3f4336a80569affab05a81145b87c2fc

UNDEFINED SYMBOLS
initSysTick
initGPIO
transmitMessage
delay
