   1              		.cpu cortex-m4
   2              		.eabi_attribute 27, 1
   3              		.eabi_attribute 20, 1
   4              		.eabi_attribute 21, 1
   5              		.eabi_attribute 23, 3
   6              		.eabi_attribute 24, 1
   7              		.eabi_attribute 25, 1
   8              		.eabi_attribute 26, 1
   9              		.eabi_attribute 30, 6
  10              		.eabi_attribute 34, 1
  11              		.eabi_attribute 18, 4
  12              		.file	"utils.c"
  13              		.text
  14              	.Ltext0:
  15              		.cfi_sections	.debug_frame
  16              		.section	.rodata
  17              		.align	2
  18              	.LC0:
  19 0000 3000     		.ascii	"0\000"
  20              		.global	__aeabi_ui2d
  21              		.global	__aeabi_dadd
  22              		.global	__aeabi_d2iz
  23 0002 0000     		.align	2
  24              	.LC1:
  25 0004 256C6400 		.ascii	"%ld\000"
  26              		.section	.text.character_notation_of_number,"ax",%progbits
  27              		.align	1
  28              		.global	character_notation_of_number
  29              		.syntax unified
  30              		.thumb
  31              		.thumb_func
  32              		.fpu fpv4-sp-d16
  34              	character_notation_of_number:
  35              	.LFB131:
  36              		.file 1 "utils.c"
   1:utils.c       **** /**
   2:utils.c       **** *	Created By: Tapan Sharma
   3:utils.c       **** *	Matrikulation Number: 03712841
   4:utils.c       **** *   
   5:utils.c       **** *   Assignment:		1. Use Button1 to transmit Morse equivalent "I CAN MORSE" using LED1. 
   6:utils.c       **** *							2. Use Button2 to calculate time between last & second last button presses to display it in
   7:utils.c       **** */
   8:utils.c       **** 
   9:utils.c       **** #include <math.h>
  10:utils.c       **** #include <stdlib.h>
  11:utils.c       **** #include <stdio.h>
  12:utils.c       **** #include <xmc_common.h>
  13:utils.c       **** 
  14:utils.c       **** char * character_notation_of_number (uint32_t number) {
  37              		.loc 1 14 0
  38              		.cfi_startproc
  39              		@ args = 0, pretend = 0, frame = 16
  40              		@ frame_needed = 1, uses_anonymous_args = 0
  41 0000 90B5     		push	{r4, r7, lr}
  42              	.LCFI0:
  43              		.cfi_def_cfa_offset 12
  44              		.cfi_offset 4, -12
  45              		.cfi_offset 7, -8
  46              		.cfi_offset 14, -4
  47 0002 85B0     		sub	sp, sp, #20
  48              	.LCFI1:
  49              		.cfi_def_cfa_offset 32
  50 0004 00AF     		add	r7, sp, #0
  51              	.LCFI2:
  52              		.cfi_def_cfa_register 7
  53 0006 7860     		str	r0, [r7, #4]
  15:utils.c       **** 	if (number ==0) {
  54              		.loc 1 15 0
  55 0008 7B68     		ldr	r3, [r7, #4]
  56 000a 002B     		cmp	r3, #0
  57 000c 01D1     		bne	.L2
  16:utils.c       **** 		return "0";
  58              		.loc 1 16 0
  59 000e 144B     		ldr	r3, .L4
  60 0010 22E0     		b	.L3
  61              	.L2:
  17:utils.c       **** 	}
  18:utils.c       **** 	int n = log10(number) + 1;
  62              		.loc 1 18 0
  63 0012 7868     		ldr	r0, [r7, #4]
  64 0014 FFF7FEFF 		bl	__aeabi_ui2d
  65              	.LVL0:
  66 0018 0346     		mov	r3, r0
  67 001a 0C46     		mov	r4, r1
  68 001c 1846     		mov	r0, r3
  69 001e 2146     		mov	r1, r4
  70 0020 FFF7FEFF 		bl	log10
  71 0024 4FF00002 		mov	r2, #0
  72 0028 0E4B     		ldr	r3, .L4+4
  73 002a FFF7FEFF 		bl	__aeabi_dadd
  74              	.LVL1:
  75 002e 0346     		mov	r3, r0
  76 0030 0C46     		mov	r4, r1
  77 0032 1846     		mov	r0, r3
  78 0034 2146     		mov	r1, r4
  79 0036 FFF7FEFF 		bl	__aeabi_d2iz
  80              	.LVL2:
  81 003a 0346     		mov	r3, r0
  82 003c FB60     		str	r3, [r7, #12]
  19:utils.c       **** 	char* num_to_char = calloc(n, sizeof(char));
  83              		.loc 1 19 0
  84 003e FB68     		ldr	r3, [r7, #12]
  85 0040 0121     		movs	r1, #1
  86 0042 1846     		mov	r0, r3
  87 0044 FFF7FEFF 		bl	calloc
  88 0048 0346     		mov	r3, r0
  89 004a BB60     		str	r3, [r7, #8]
  20:utils.c       **** 	sprintf(num_to_char, "%ld", number);
  90              		.loc 1 20 0
  91 004c 7A68     		ldr	r2, [r7, #4]
  92 004e 0649     		ldr	r1, .L4+8
  93 0050 B868     		ldr	r0, [r7, #8]
  94 0052 FFF7FEFF 		bl	sprintf
  21:utils.c       **** 	return num_to_char;
  95              		.loc 1 21 0
  96 0056 BB68     		ldr	r3, [r7, #8]
  97              	.L3:
  22:utils.c       **** }...
  98              		.loc 1 22 0
  99 0058 1846     		mov	r0, r3
 100 005a 1437     		adds	r7, r7, #20
 101              	.LCFI3:
 102              		.cfi_def_cfa_offset 12
 103 005c BD46     		mov	sp, r7
 104              	.LCFI4:
 105              		.cfi_def_cfa_register 13
 106              		@ sp needed
 107 005e 90BD     		pop	{r4, r7, pc}
 108              	.L5:
 109              		.align	2
 110              	.L4:
 111 0060 00000000 		.word	.LC0
 112 0064 0000F03F 		.word	1072693248
 113 0068 04000000 		.word	.LC1
 114              		.cfi_endproc
 115              	.LFE131:
 117              		.text
 118              	.Letext0:
 119              		.file 2 "/usr/arm-none-eabi/include/machine/_default_types.h"
 120              		.file 3 "/usr/arm-none-eabi/include/sys/lock.h"
 121              		.file 4 "/usr/arm-none-eabi/include/sys/_types.h"
 122              		.file 5 "/usr/lib/gcc/arm-none-eabi/7.3.1/include/stddef.h"
 123              		.file 6 "/usr/arm-none-eabi/include/sys/reent.h"
 124              		.file 7 "/usr/arm-none-eabi/include/math.h"
 125              		.file 8 "/usr/arm-none-eabi/include/stdlib.h"
 126              		.file 9 "/usr/arm-none-eabi/include/sys/_stdint.h"
 127              		.file 10 "/opt/XMClib/XMC_Peripheral_Library_v2.1.16/CMSIS/Include/core_cm4.h"
 128              		.file 11 "/opt/XMClib/XMC_Peripheral_Library_v2.1.16/CMSIS/Infineon/XMC4500_series/Include/system_
DEFINED SYMBOLS
                            *ABS*:0000000000000000 utils.c
     /tmp/ccLxBkEB.s:17     .rodata:0000000000000000 $d
     /tmp/ccLxBkEB.s:27     .text.character_notation_of_number:0000000000000000 $t
     /tmp/ccLxBkEB.s:34     .text.character_notation_of_number:0000000000000000 character_notation_of_number
     /tmp/ccLxBkEB.s:111    .text.character_notation_of_number:0000000000000060 $d
                           .group:0000000000000000 wm4.0.7a9f4dea188ccacb7d502cdcabb040c1
                           .group:0000000000000000 wm4._newlib_version.h.4.875b979a44719054cd750d0952ad3fd6
                           .group:0000000000000000 wm4.newlib.h.18.5e5ca3429233af402d406a202f1fc1ac
                           .group:0000000000000000 wm4.ieeefp.h.77.220d9cccac42cd58761758bee2df4ce6
                           .group:0000000000000000 wm4.features.h.22.026edb2397769f4ae13f35900dbdb560
                           .group:0000000000000000 wm4.config.h.220.6cac6a9685cfce5e83c17784171638d9
                           .group:0000000000000000 wm4._ansi.h.31.de524f58584151836e90d8620a16f8e8
                           .group:0000000000000000 wm4.stddef.h.39.99b5021e28f91cdb161c889e07266673
                           .group:0000000000000000 wm4._default_types.h.6.959254cf5f09734ea7516c89e8bb21bd
                           .group:0000000000000000 wm4.lock.h.2.1461d1fff82dffe8bfddc23307f6484f
                           .group:0000000000000000 wm4._types.h.125.5cf8a495f1f7ef36777ad868a1e32068
                           .group:0000000000000000 wm4.stddef.h.161.5349cb105733e8777bfb0cf53c4e3f34
                           .group:0000000000000000 wm4._types.h.184.03611d4f6b5bec9997bcf4279eceba07
                           .group:0000000000000000 wm4.reent.h.17.90c2574d4acdcfce933db5cb09ff35fe
                           .group:0000000000000000 wm4.cdefs.h.47.14fad0b327eb9dcf106599b738d85132
                           .group:0000000000000000 wm4.math.h.13.adb102f7bd7860b1f241e149d6914a1e
                           .group:0000000000000000 wm4.stdlib.h.13.4ed386f5c1a80d71e72172885d946ef2
                           .group:0000000000000000 wm4.stddef.h.161.19e15733342b50ead2919490b095303e
                           .group:0000000000000000 wm4.alloca.h.8.dfc0c703c47ec3e69746825b17d9e66d
                           .group:0000000000000000 wm4.stdlib.h.56.d4493cd3736e51e9d56335045f26df45
                           .group:0000000000000000 wm4.stdio.h.27.3fc80220048df77954e38daec3bb9670
                           .group:0000000000000000 wm4.stdarg.h.34.3a23a216c0c293b3d2ea2e89281481e6
                           .group:0000000000000000 wm4.types.h.40.e8c16e7ec36ba55f133d0616070e25fc
                           .group:0000000000000000 wm4._stdint.h.10.c24fa3af3bc1706662bb5593a907e841
                           .group:0000000000000000 wm4._endian.h.31.65a10590763c3dde1ac4a7f66d7d4891
                           .group:0000000000000000 wm4.endian.h.9.49f3a4695c1b61e8a0808de3c4a106cb
                           .group:0000000000000000 wm4._timeval.h.30.0e8bfd94e85db17dda3286ee81496fe6
                           .group:0000000000000000 wm4.timespec.h.41.d855182eb0e690443ab8651bcedca6e1
                           .group:0000000000000000 wm4.select.h.19.97ca6fd0c752a0f3b6719fd314d361e6
                           .group:0000000000000000 wm4.types.h.69.ed3eae3cf73030a737515151ebcab7a1
                           .group:0000000000000000 wm4.sched.h.22.c60982713a5c428609783c78f9c78d95
                           .group:0000000000000000 wm4._pthreadtypes.h.36.fcee9961c35163dde6267ef772ad1972
                           .group:0000000000000000 wm4.stdio.h.2.4aa87247282eca6c8f36f9de33d8df1a
                           .group:0000000000000000 wm4.stdio.h.81.932d0c162786b883f622b8d05c120c78
                           .group:0000000000000000 wm4._intsup.h.10.cce27fed8484c08a33f522034c30d2b5
                           .group:0000000000000000 wm4.stdint.h.23.d53047a68f4a85177f80b422d52785ed
                           .group:0000000000000000 wm4.stdbool.h.29.07dce69c3b78884144b7f7bd19483461
                           .group:0000000000000000 wm4.string.h.8.c4b8571ce60dff2817f43fec8b86aecd
                           .group:0000000000000000 wm4.xmc_device.h.61.ba2d082e12f51240746cffdd60d42b81
                           .group:0000000000000000 wm4.XMC4500.h.55.9aa45b9b5790506b2dcb963e4e7adeaf
                           .group:0000000000000000 wm4.core_cm4.h.32.6c6eb1c8daeca23ce7ba79c8e8120d52
                           .group:0000000000000000 wm4.cmsis_gcc.h.26.91b63349961c35637933e4fba51b867b
                           .group:0000000000000000 wm4.core_cm4.h.172.fdd5a388a160bb6ff767b7d7ee212268
                           .group:0000000000000000 wm4.system_XMC4500.h.42.99124977c10ca8844a71949adbeabd70
                           .group:0000000000000000 wm4.XMC4500.h.208.b340195df97f067735c4c769ba59985a
                           .group:0000000000000000 wm4.xmc_device.h.1460.8860499b404961ffcfbb8d1fefcb2146
                           .group:0000000000000000 wm4.xmc_common.h.92.3f4336a80569affab05a81145b87c2fc

UNDEFINED SYMBOLS
__aeabi_ui2d
__aeabi_dadd
__aeabi_d2iz
log10
calloc
sprintf
